Using pre-set license
Built from '2020.3/release' branch; Version is '2020.3.12f1 (b3b2c6512326) revision 11776710'; Using compiler version '192528614'; Build Type 'Release'
OS: 'Windows 10 Home; OS build 19041.1052; Version 2004; 64bit' Language: 'fr' Physical Memory: 16252 MB
BatchMode: 1, IsHumanControllingUs: 0, StartBugReporterOnCrash: 0, Is64bit: 1, IsPro: 0

 COMMAND LINE ARGUMENTS:
D:\Program Files\Unity\Hub\Editor\2020.3.12f1\Editor\Unity.exe
-adb2
-batchMode
-noUpm
-name
AssetImportWorker0
-projectPath
D:/3D/Rollaball
-logFile
Logs/AssetImportWorker0.log
-srvPort
52658
Successfully changed project path to: D:/3D/Rollaball
D:/3D/Rollaball
Using Asset Import Pipeline V2.
Refreshing native plugins compatible for Editor in 125.56 ms, found 2 plugins.
Preloading 0 native plugins for Editor in 0.00 ms.
Initialize engine version: 2020.3.12f1 (b3b2c6512326)
[Subsystems] Discovering subsystems at path D:/Program Files/Unity/Hub/Editor/2020.3.12f1/Editor/Data/Resources/UnitySubsystems
[Subsystems] Discovering subsystems at path D:/3D/Rollaball/Assets
GfxDevice: creating device client; threaded=0
Direct3D:
    Version:  Direct3D 11.0 [level 11.0]
    Renderer: NVIDIA GeForce GTX 950M (ID=0x139a)
    Vendor:   
    VRAM:     4053 MB
    Driver:   30.0.14.7111
Initialize mono
Mono path[0] = 'D:/Program Files/Unity/Hub/Editor/2020.3.12f1/Editor/Data/Managed'
Mono path[1] = 'D:/Program Files/Unity/Hub/Editor/2020.3.12f1/Editor/Data/MonoBleedingEdge/lib/mono/unityjit'
Mono config path = 'D:/Program Files/Unity/Hub/Editor/2020.3.12f1/Editor/Data/MonoBleedingEdge/etc'
Using monoOptions --debugger-agent=transport=dt_socket,embedding=1,server=y,suspend=n,address=127.0.0.1:56236
Begin MonoManager ReloadAssembly
Registering precompiled unity dll's ...
Register platform support module: D:/Program Files/Unity/Hub/Editor/2020.3.12f1/Editor/Data/PlaybackEngines/WebGLSupport/UnityEditor.WebGL.Extensions.dll
Register platform support module: D:/Program Files/Unity/Hub/Editor/2020.3.12f1/Editor/Data/PlaybackEngines/WindowsStandaloneSupport/UnityEditor.WindowsStandalone.Extensions.dll
Registered in 0.003814 seconds.
Native extension for WindowsStandalone target not found
Native extension for WebGL target not found
Refreshing native plugins compatible for Editor in 66.90 ms, found 2 plugins.
Preloading 0 native plugins for Editor in 0.00 ms.
Mono: successfully reloaded assembly
- Completed reload, in  2.185 seconds
Platform modules already initialized, skipping
Registering precompiled user dll's ...
Registered in 0.008076 seconds.
Begin MonoManager ReloadAssembly
Native extension for WindowsStandalone target not found
Native extension for WebGL target not found
Refreshing native plugins compatible for Editor in 102.56 ms, found 2 plugins.
Preloading 0 native plugins for Editor in 0.00 ms.
Mono: successfully reloaded assembly
- Completed reload, in  4.498 seconds
Platform modules already initialized, skipping
========================================================================
Worker process is ready to serve import requests
Shader 'Universal Render Pipeline/Particles/Lit': fallback shader 'Universal Render Pipeline/Particles/SimpleLit' not found
Shader 'Universal Render Pipeline/Particles/Lit': fallback shader 'Universal Render Pipeline/Particles/SimpleLit' not found
Launched and connected shader compiler UnityShaderCompiler.exe after 0.20 seconds
Refreshing native plugins compatible for Editor in 0.91 ms, found 2 plugins.
Preloading 0 native plugins for Editor in 0.00 ms.
Unloading 2692 Unused Serialized files (Serialized files now loaded: 0)
System memory in use before: 121.3 MB.
System memory in use after: 118.5 MB.

Unloading 54 unused Assets to reduce memory usage. Loaded Objects now: 3089.
Total: 8.415300 ms (FindLiveObjects: 0.463800 ms CreateObjectMapping: 0.219300 ms MarkObjects: 5.272300 ms  DeleteObjects: 2.458200 ms)

AssetImportParameters requested are different than current active one (requested -> active):
  custom:framework-win-MediaFoundation: 216162199b28c13a410421893ffa2e32 -> 
  custom:video-decoder-ogg-theora: a1e56fd34408186e4bbccfd4996cb3dc -> 
  custom:container-muxer-webm: aa71ff27fc2769a1b78a27578f13a17b -> 
  custom:container-demuxer-webm: 4f35f7cbe854078d1ac9338744f61a02 -> 
  custom:container-demuxer-ogg: 62fdf1f143b41e24485cea50d1cbac27 -> 
  custom:video-encoder-webm-vp8: eb34c28f22e8b96e1ab97ce403110664 -> 
  custom:video-decoder-webm-vp8: 9c59270c3fd7afecdb556c50c9e8de78 -> 
  custom:audio-decoder-ogg-vorbis: bf7c407c2cedff20999df2af8eb42d56 -> 
  custom:audio-encoder-webm-vorbis: bf7c407c2cedff20999df2af8eb42d56 -> 
========================================================================
Received Import Request.
  path: Assets/Readme.asset
  artifactKey: Guid(83c2ed844a8c74b779a4c823d16594b1) Importer(815301076,1909f56bfc062723c751e8b465ee728b)
Start importing Assets/Readme.asset using Guid(83c2ed844a8c74b779a4c823d16594b1) Importer(815301076,1909f56bfc062723c751e8b465ee728b)  -> (artifact id: '8ffd2c44ffeb50c574abb5d0c4453328') in 0.794951 seconds 
  Import took 0.914256 seconds .

========================================================================
Received Import Request.
  Time since last request: 65.523910 seconds.
  path: Assets/Scenes
  artifactKey: Guid(bae127a3d74f44449838b3f593d33ac8) Importer(815301076,1909f56bfc062723c751e8b465ee728b)
Start importing Assets/Scenes using Guid(bae127a3d74f44449838b3f593d33ac8) Importer(815301076,1909f56bfc062723c751e8b465ee728b)  -> (artifact id: '962dbbac5064ed50f7af86ce19467cc2') in 1.042738 seconds 
  Import took 1.083276 seconds .

========================================================================
Received Import Request.
  Time since last request: 142.901134 seconds.
  path: Assets
  artifactKey: Guid(00000000000000001000000000000000) Importer(815301076,1909f56bfc062723c751e8b465ee728b)
Start importing Assets using Guid(00000000000000001000000000000000) Importer(815301076,1909f56bfc062723c751e8b465ee728b)  -> (artifact id: '42d402b061de3733987d63b9cc3b64de') in 0.012342 seconds 
  Import took 0.053000 seconds .

========================================================================
Received Import Request.
  Time since last request: 13.818675 seconds.
  path: Assets/New Folder
  artifactKey: Guid(19fb478dc11c10a41800fbb5e22817d3) Importer(815301076,1909f56bfc062723c751e8b465ee728b)
Start importing Assets/New Folder using Guid(19fb478dc11c10a41800fbb5e22817d3) Importer(815301076,1909f56bfc062723c751e8b465ee728b)  -> (artifact id: '37ab3c8bd731c9c18b7e1aea628c957d') in 0.014015 seconds 
  Import took 0.038294 seconds .

========================================================================
Received Import Request.
  Time since last request: 32.943763 seconds.
  path: Assets/Template
  artifactKey: Guid(2447aa2bab291a0498c10cca524788b0) Importer(815301076,1909f56bfc062723c751e8b465ee728b)
Start importing Assets/Template using Guid(2447aa2bab291a0498c10cca524788b0) Importer(815301076,1909f56bfc062723c751e8b465ee728b)  -> (artifact id: '3621df1297baa6e72e5a132b025bed3a') in 0.011652 seconds 
  Import took 0.026419 seconds .

========================================================================
Received Import Request.
  Time since last request: 7.624269 seconds.
  path: Assets/ExampleAssets
  artifactKey: Guid(990f5c2df70993f4987a388ca178996a) Importer(815301076,1909f56bfc062723c751e8b465ee728b)
Start importing Assets/ExampleAssets using Guid(990f5c2df70993f4987a388ca178996a) Importer(815301076,1909f56bfc062723c751e8b465ee728b)  -> (artifact id: 'd5ac45704b3e904ca5b19a6457cc79ac') in 0.010356 seconds 
  Import took 0.040682 seconds .

========================================================================
Received Prepare
Registering precompiled user dll's ...
Registered in 0.022308 seconds.
Begin MonoManager ReloadAssembly
Native extension for WindowsStandalone target not found
Native extension for WebGL target not found
Refreshing native plugins compatible for Editor in 0.58 ms, found 2 plugins.
Preloading 0 native plugins for Editor in 0.00 ms.
Mono: successfully reloaded assembly
- Completed reload, in  2.298 seconds
Platform modules already initialized, skipping
Shader 'Universal Render Pipeline/Particles/Lit': fallback shader 'Universal Render Pipeline/Particles/SimpleLit' not found
Shader 'Universal Render Pipeline/Particles/Lit': fallback shader 'Universal Render Pipeline/Particles/SimpleLit' not found
Refreshing native plugins compatible for Editor in 2.69 ms, found 2 plugins.
Preloading 0 native plugins for Editor in 0.00 ms.
Unloading 2617 Unused Serialized files (Serialized files now loaded: 0)
System memory in use before: 117.6 MB.
System memory in use after: 114.9 MB.

Unloading 49 unused Assets to reduce memory usage. Loaded Objects now: 3092.
Total: 5.732700 ms (FindLiveObjects: 0.423400 ms CreateObjectMapping: 0.180700 ms MarkObjects: 2.523700 ms  DeleteObjects: 2.603300 ms)

AssetImportParameters requested are different than current active one (requested -> active):
  custom:framework-win-MediaFoundation: 216162199b28c13a410421893ffa2e32 -> 
  custom:video-decoder-ogg-theora: a1e56fd34408186e4bbccfd4996cb3dc -> 
  custom:container-muxer-webm: aa71ff27fc2769a1b78a27578f13a17b -> 
  custom:container-demuxer-webm: 4f35f7cbe854078d1ac9338744f61a02 -> 
  custom:container-demuxer-ogg: 62fdf1f143b41e24485cea50d1cbac27 -> 
  custom:video-encoder-webm-vp8: eb34c28f22e8b96e1ab97ce403110664 -> 
  custom:video-decoder-webm-vp8: 9c59270c3fd7afecdb556c50c9e8de78 -> 
  custom:audio-decoder-ogg-vorbis: bf7c407c2cedff20999df2af8eb42d56 -> 
  custom:audio-encoder-webm-vorbis: bf7c407c2cedff20999df2af8eb42d56 -> 
========================================================================
Received Import Request.
  Time since last request: 90.668828 seconds.
  path: Assets/Scenes
  artifactKey: Guid(cd18186189a362342abd1a9d4e2cd137) Importer(815301076,1909f56bfc062723c751e8b465ee728b)
Start importing Assets/Scenes using Guid(cd18186189a362342abd1a9d4e2cd137) Importer(815301076,1909f56bfc062723c751e8b465ee728b)  -> (artifact id: 'd2afebee57c73682de485b15502e68be') in 0.008477 seconds 
  Import took 0.043132 seconds .

========================================================================
Received Import Request.
  Time since last request: 0.003312 seconds.
  path: Assets/Scenes
  artifactKey: Guid(cd18186189a362342abd1a9d4e2cd137) Importer(815301076,1909f56bfc062723c751e8b465ee728b)
Start importing Assets/Scenes using Guid(cd18186189a362342abd1a9d4e2cd137) Importer(815301076,1909f56bfc062723c751e8b465ee728b)  -> (artifact id: 'd2afebee57c73682de485b15502e68be') in 0.008979 seconds 
  Import took 0.017266 seconds .

========================================================================
Received Import Request.
  Time since last request: 4.970039 seconds.
  path: Assets/Scenes/MiniGame.unity
  artifactKey: Guid(c3669c88508ad1b45892e397efd7bedd) Importer(815301076,1909f56bfc062723c751e8b465ee728b)
Start importing Assets/Scenes/MiniGame.unity using Guid(c3669c88508ad1b45892e397efd7bedd) Importer(815301076,1909f56bfc062723c751e8b465ee728b)  -> (artifact id: '4b82632e17814c69aa71c37565906f15') in 0.027454 seconds 
  Import took 0.077506 seconds .

========================================================================
Received Import Request.
  Time since last request: 3066.812435 seconds.
  path: Assets/Materials
  artifactKey: Guid(856e7485bf5b827418985ca52b7f8d62) Importer(815301076,1909f56bfc062723c751e8b465ee728b)
Start importing Assets/Materials using Guid(856e7485bf5b827418985ca52b7f8d62) Importer(815301076,1909f56bfc062723c751e8b465ee728b)  -> (artifact id: '9c6514bb5521dc91d0b673c859a02ba8') in 0.008891 seconds 
  Import took 0.066564 seconds .

========================================================================
Received Import Request.
  Time since last request: 20.462028 seconds.
  path: Assets/Materials/background.mat
  artifactKey: Guid(b62c441be293e4644b6fe29d6612f231) Importer(815301076,1909f56bfc062723c751e8b465ee728b)
Start importing Assets/Materials/background.mat using Guid(b62c441be293e4644b6fe29d6612f231) Importer(815301076,1909f56bfc062723c751e8b465ee728b)  -> (artifact id: 'ccaa341d2f636179bfd8082972cec8ae') in 0.523471 seconds 
  Import took 0.530962 seconds .

========================================================================
Received Import Request.
  Time since last request: 110.925019 seconds.
  path: Assets/Materials/background.mat
  artifactKey: Guid(b62c441be293e4644b6fe29d6612f231) Importer(815301076,1909f56bfc062723c751e8b465ee728b)
Start importing Assets/Materials/background.mat using Guid(b62c441be293e4644b6fe29d6612f231) Importer(815301076,1909f56bfc062723c751e8b465ee728b)  -> (artifact id: '19461f0dc883f2f1bbe0975d9a6953b4') in 0.036926 seconds 
  Import took 0.066235 seconds .

========================================================================
Received Import Request.
  Time since last request: 0.000240 seconds.
  path: Assets/Materials/Player.mat
  artifactKey: Guid(ca4592a049fcd554fafe0c6351f1b710) Importer(815301076,1909f56bfc062723c751e8b465ee728b)
Start importing Assets/Materials/Player.mat using Guid(ca4592a049fcd554fafe0c6351f1b710) Importer(815301076,1909f56bfc062723c751e8b465ee728b)  -> (artifact id: 'd0ac53531092cf05365b9afc3c6e746f') in 0.028357 seconds 
  Import took 0.034685 seconds .

========================================================================
Received Import Request.
  Time since last request: 193.152025 seconds.
  path: Assets/Materials/background.mat
  artifactKey: Guid(b62c441be293e4644b6fe29d6612f231) Importer(815301076,1909f56bfc062723c751e8b465ee728b)
Start importing Assets/Materials/background.mat using Guid(b62c441be293e4644b6fe29d6612f231) Importer(815301076,1909f56bfc062723c751e8b465ee728b)  -> (artifact id: '37eda51cbc05a5a5ca186d0f38ce2f56') in 0.029190 seconds 
  Import took 0.036834 seconds .

========================================================================
Received Import Request.
  Time since last request: 0.000858 seconds.
  path: Assets/Materials/Player.mat
  artifactKey: Guid(ca4592a049fcd554fafe0c6351f1b710) Importer(815301076,1909f56bfc062723c751e8b465ee728b)
Start importing Assets/Materials/Player.mat using Guid(ca4592a049fcd554fafe0c6351f1b710) Importer(815301076,1909f56bfc062723c751e8b465ee728b)  -> (artifact id: 'ba0bb3fc6a6a0a8bc0f87349fe464095') in 0.021870 seconds 
  Import took 0.035124 seconds .

========================================================================
Received Import Request.
  Time since last request: 0.004991 seconds.
  path: Assets/Materials/Player.mat
  artifactKey: Guid(ca4592a049fcd554fafe0c6351f1b710) Importer(815301076,1909f56bfc062723c751e8b465ee728b)
Start importing Assets/Materials/Player.mat using Guid(ca4592a049fcd554fafe0c6351f1b710) Importer(815301076,1909f56bfc062723c751e8b465ee728b)  -> (artifact id: 'ba0bb3fc6a6a0a8bc0f87349fe464095') in 0.025188 seconds 
  Import took 0.033249 seconds .

========================================================================
Received Prepare
Registering precompiled user dll's ...
Registered in 0.013636 seconds.
Begin MonoManager ReloadAssembly
Native extension for WindowsStandalone target not found
Native extension for WebGL target not found
Refreshing native plugins compatible for Editor in 90.13 ms, found 2 plugins.
Preloading 0 native plugins for Editor in 0.00 ms.
Mono: successfully reloaded assembly
- Completed reload, in  1.824 seconds
Platform modules already initialized, skipping
Shader 'Universal Render Pipeline/Particles/Lit': fallback shader 'Universal Render Pipeline/Particles/SimpleLit' not found
Shader 'Universal Render Pipeline/Particles/Lit': fallback shader 'Universal Render Pipeline/Particles/SimpleLit' not found
Refreshing native plugins compatible for Editor in 0.61 ms, found 2 plugins.
Preloading 0 native plugins for Editor in 0.00 ms.
Unloading 2913 Unused Serialized files (Serialized files now loaded: 0)
System memory in use before: 131.4 MB.
System memory in use after: 127.6 MB.

Unloading 111 unused Assets to reduce memory usage. Loaded Objects now: 3404.
Total: 8.798900 ms (FindLiveObjects: 1.920800 ms CreateObjectMapping: 1.254900 ms MarkObjects: 2.543200 ms  DeleteObjects: 3.077800 ms)

AssetImportParameters requested are different than current active one (requested -> active):
  custom:framework-win-MediaFoundation: 216162199b28c13a410421893ffa2e32 -> 
  custom:video-decoder-ogg-theora: a1e56fd34408186e4bbccfd4996cb3dc -> 
  custom:container-muxer-webm: aa71ff27fc2769a1b78a27578f13a17b -> 
  custom:container-demuxer-webm: 4f35f7cbe854078d1ac9338744f61a02 -> 
  custom:container-demuxer-ogg: 62fdf1f143b41e24485cea50d1cbac27 -> 
  custom:srp/default-shader: 0000e00a000e0de00000e000e0000000 -> 00a0da0d000000000000000000000000
  custom:video-encoder-webm-vp8: eb34c28f22e8b96e1ab97ce403110664 -> 
  custom:video-decoder-webm-vp8: 9c59270c3fd7afecdb556c50c9e8de78 -> 
  custom:audio-decoder-ogg-vorbis: bf7c407c2cedff20999df2af8eb42d56 -> 
  custom:audio-encoder-webm-vorbis: bf7c407c2cedff20999df2af8eb42d56 -> 
AssetImportWorkerClient::OnTransportError - code=2 error=End of file
